[ 2014-08-22T21:32:56+08:00 ] 127.0.0.1 /mobile.php/
INFO: [ route_check ] --START--
INFO: Run CheckRoute Behavior [ RunTime:0.000000s ]
INFO: [ route_check ] --END-- [ RunTime:0.000000s ]
INFO: [ app_begin ] --START--
INFO: Run ReadHtmlCache Behavior [ RunTime:0.000000s ]
INFO: [ app_begin ] --END-- [ RunTime:0.000000s ]
SQL: SHOW COLUMNS FROM `dc_shop` [ RunTime:0.010000s ]
SQL: SHOW COLUMNS FROM `dc_order` [ RunTime:0.010000s ]
SQL: SELECT COUNT(*) AS tp_count FROM `dc_shop` LIMIT 1   [ RunTime:0.000000s ]
SQL: SELECT dc_shop.id,`shop_name`,`shop_beginworktime`,`shop_endworktime`,`shop_deliver_money`,`shop_deliver_beginmoney`,`shop_deliver_time`,`shop_image`,`shop_top`,`user_id`,`user_people` FROM `dc_shop` LEFT JOIN  dc_peoplefav ON dc_peoplefav.user_shop = dc_shop.user_id ORDER BY dc_shop.id desc LIMIT 0,10   [ RunTime:0.000000s ]
SQL: SELECT COUNT(*) AS tp_count FROM `dc_order` WHERE ( food_shop = "test11" ) LIMIT 1   [ RunTime:0.010000s ]
SQL: SELECT COUNT(*) AS tp_count FROM `dc_order` WHERE ( food_shop = "test9" ) LIMIT 1   [ RunTime:0.000000s ]
SQL: SELECT COUNT(*) AS tp_count FROM `dc_order` WHERE ( food_shop = "test8" ) LIMIT 1   [ RunTime:0.000000s ]
SQL: SELECT COUNT(*) AS tp_count FROM `dc_order` WHERE ( food_shop = "test7" ) LIMIT 1   [ RunTime:0.000000s ]
SQL: SELECT COUNT(*) AS tp_count FROM `dc_order` WHERE ( food_shop = "test6" ) LIMIT 1   [ RunTime:0.000000s ]
SQL: SELECT COUNT(*) AS tp_count FROM `dc_order` WHERE ( food_shop = "test5" ) LIMIT 1   [ RunTime:0.000000s ]
SQL: SELECT COUNT(*) AS tp_count FROM `dc_order` WHERE ( food_shop = "test4" ) LIMIT 1   [ RunTime:0.000000s ]
SQL: SELECT COUNT(*) AS tp_count FROM `dc_order` WHERE ( food_shop = "test3" ) LIMIT 1   [ RunTime:0.000000s ]
SQL: SELECT COUNT(*) AS tp_count FROM `dc_order` WHERE ( food_shop = "test2" ) LIMIT 1   [ RunTime:0.000000s ]
SQL: SELECT COUNT(*) AS tp_count FROM `dc_order` WHERE ( food_shop = "test1" ) LIMIT 1   [ RunTime:0.010000s ]
INFO: [ view_template ] --START--
INFO: Run LocationTemplate Behavior [ RunTime:0.010000s ]
INFO: [ view_template ] --END-- [ RunTime:0.010000s ]
INFO: [ view_parse ] --START--
NOTIC: [8] Undefined index: userinfo D:\work\php\xampp\htdocs\mzshop\jiaoshawang\Mobile\Runtime\Cache\a46f5800406c1342b57c825a24ef25f5.php 第 70 行.
NOTIC: [8] Undefined index: userinfo D:\work\php\xampp\htdocs\mzshop\jiaoshawang\Mobile\Runtime\Cache\a46f5800406c1342b57c825a24ef25f5.php 第 77 行.
INFO: Run ParseTemplate Behavior [ RunTime:0.030000s ]
INFO: [ view_parse ] --END-- [ RunTime:0.030000s ]
INFO: [ view_filter ] --START--
INFO: Run ContentReplace Behavior [ RunTime:0.010000s ]
INFO: Run TokenBuild Behavior [ RunTime:0.000000s ]
INFO: Run WriteHtmlCache Behavior [ RunTime:0.000000s ]
INFO: Run ShowRuntime Behavior [ RunTime:0.000000s ]
INFO: [ view_filter ] --END-- [ RunTime:0.010000s ]
INFO: [ view_end ] --START--
INFO: Run ShowPageTrace Behavior [ RunTime:0.000000s ]
INFO: [ view_end ] --END-- [ RunTime:0.000000s ]

[ 2014-08-22T21:32:57+08:00 ] ERR: (ThinkException) 无法加载模块:Img
[ 2014-08-22T21:32:57+08:00 ] ERR: (ThinkException) 无法加载模块:Img
[ 2014-08-22T21:33:06+08:00 ] 127.0.0.1 /mobile.php/
INFO: [ route_check ] --START--
INFO: Run CheckRoute Behavior [ RunTime:0.000000s ]
INFO: [ route_check ] --END-- [ RunTime:0.000000s ]
INFO: [ app_begin ] --START--
INFO: Run ReadHtmlCache Behavior [ RunTime:0.010000s ]
INFO: [ app_begin ] --END-- [ RunTime:0.010000s ]
SQL: SHOW COLUMNS FROM `dc_shop` [ RunTime:0.010000s ]
SQL: SHOW COLUMNS FROM `dc_order` [ RunTime:0.010000s ]
SQL: SELECT COUNT(*) AS tp_count FROM `dc_shop` LIMIT 1   [ RunTime:0.000000s ]
SQL: SELECT dc_shop.id,`shop_name`,`shop_beginworktime`,`shop_endworktime`,`shop_deliver_money`,`shop_deliver_beginmoney`,`shop_deliver_time`,`shop_image`,`shop_top`,`user_id`,`user_people` FROM `dc_shop` LEFT JOIN  dc_peoplefav ON dc_peoplefav.user_shop = dc_shop.user_id ORDER BY dc_shop.id desc LIMIT 0,10   [ RunTime:0.000000s ]
SQL: SELECT COUNT(*) AS tp_count FROM `dc_order` WHERE ( food_shop = "test11" ) LIMIT 1   [ RunTime:0.000000s ]
SQL: SELECT COUNT(*) AS tp_count FROM `dc_order` WHERE ( food_shop = "test9" ) LIMIT 1   [ RunTime:0.000000s ]
SQL: SELECT COUNT(*) AS tp_count FROM `dc_order` WHERE ( food_shop = "test8" ) LIMIT 1   [ RunTime:0.000000s ]
SQL: SELECT COUNT(*) AS tp_count FROM `dc_order` WHERE ( food_shop = "test7" ) LIMIT 1   [ RunTime:0.000000s ]
SQL: SELECT COUNT(*) AS tp_count FROM `dc_order` WHERE ( food_shop = "test6" ) LIMIT 1   [ RunTime:0.000000s ]
SQL: SELECT COUNT(*) AS tp_count FROM `dc_order` WHERE ( food_shop = "test5" ) LIMIT 1   [ RunTime:0.000000s ]
SQL: SELECT COUNT(*) AS tp_count FROM `dc_order` WHERE ( food_shop = "test4" ) LIMIT 1   [ RunTime:0.000000s ]
SQL: SELECT COUNT(*) AS tp_count FROM `dc_order` WHERE ( food_shop = "test3" ) LIMIT 1   [ RunTime:0.000000s ]
SQL: SELECT COUNT(*) AS tp_count FROM `dc_order` WHERE ( food_shop = "test2" ) LIMIT 1   [ RunTime:0.000000s ]
SQL: SELECT COUNT(*) AS tp_count FROM `dc_order` WHERE ( food_shop = "test1" ) LIMIT 1   [ RunTime:0.000000s ]
INFO: [ view_template ] --START--
INFO: Run LocationTemplate Behavior [ RunTime:0.000000s ]
INFO: [ view_template ] --END-- [ RunTime:0.000000s ]
INFO: [ view_parse ] --START--
NOTIC: [8] Undefined index: userinfo D:\work\php\xampp\htdocs\mzshop\jiaoshawang\Mobile\Runtime\Cache\a46f5800406c1342b57c825a24ef25f5.php 第 70 行.
NOTIC: [8] Undefined index: userinfo D:\work\php\xampp\htdocs\mzshop\jiaoshawang\Mobile\Runtime\Cache\a46f5800406c1342b57c825a24ef25f5.php 第 77 行.
INFO: Run ParseTemplate Behavior [ RunTime:0.020000s ]
INFO: [ view_parse ] --END-- [ RunTime:0.020000s ]
INFO: [ view_filter ] --START--
INFO: Run ContentReplace Behavior [ RunTime:0.000000s ]
INFO: Run TokenBuild Behavior [ RunTime:0.000000s ]
INFO: Run WriteHtmlCache Behavior [ RunTime:0.000000s ]
INFO: Run ShowRuntime Behavior [ RunTime:0.000000s ]
INFO: [ view_filter ] --END-- [ RunTime:0.000000s ]
INFO: [ view_end ] --START--
INFO: Run ShowPageTrace Behavior [ RunTime:0.000000s ]
INFO: [ view_end ] --END-- [ RunTime:0.000000s ]

